[18:37:20] [ServerMain/INFO]: Environment: Environment[sessionHost=https://sessionserver.mojang.com, servicesHost=https://api.minecraftservices.com, name=PROD]
[18:37:22] [ServerMain/INFO]: Loaded 1373 recipes
[18:37:22] [ServerMain/INFO]: Loaded 1484 advancements
[18:37:22] [Server thread/INFO]: Starting minecraft server version 1.21.5
[18:37:22] [Server thread/INFO]: Loading properties
[18:37:22] [Server thread/INFO]: Default game type: SURVIVAL
[18:37:22] [Server thread/INFO]: Generating keypair
[18:37:23] [Server thread/INFO]: Starting Minecraft server on *:25565
[18:37:23] [Server thread/INFO]: Using epoll channel type
[18:37:23] [Server thread/INFO]: Preparing level "world"
[18:37:23] [Server thread/INFO]: Preparing start region for dimension minecraft:overworld
[18:37:25] [User Authenticator #1/INFO]: UUID of player revoLL_x is 5c37a744-c2b5-49b2-845b-263f2e757283
[18:37:26] [Worker-Main-3/INFO]: Preparing spawn area: 0%
[18:37:26] [Worker-Main-3/INFO]: Preparing spawn area: 0%
[18:37:26] [Worker-Main-3/INFO]: Preparing spawn area: 0%
[18:37:26] [Worker-Main-3/INFO]: Preparing spawn area: 0%
[18:37:26] [Worker-Main-3/INFO]: Preparing spawn area: 0%
[18:37:26] [Worker-Main-3/INFO]: Preparing spawn area: 0%
[18:37:26] [Worker-Main-3/INFO]: Preparing spawn area: 2%
[18:37:26] [Worker-Main-2/INFO]: Preparing spawn area: 53%
[18:37:27] [Server thread/INFO]: Time elapsed: 3732 ms
[18:37:27] [Server thread/INFO]: Done (3.990s)! For help, type "help"
[18:37:27] [Server thread/INFO]: revoLL_x[/127.203.85.81:49195] logged in with entity id 14 at (-18.531921364395668, 74.0, -126.1465716711453)
[18:37:27] [Server thread/INFO]: revoLL_x joined the game
[18:37:39] [Server thread/INFO]: revoLL_x lost connection: Disconnected
[18:37:39] [Server thread/INFO]: revoLL_x left the game
[18:37:41] [User Authenticator #2/INFO]: UUID of player revoLL_x is 5c37a744-c2b5-49b2-845b-263f2e757283
[18:37:42] [Server thread/INFO]: revoLL_x[/127.203.85.81:59793] logged in with entity id 252 at (-15.563794490460786, 72.0, -133.2346972454142)
[18:37:42] [Server thread/INFO]: revoLL_x joined the game
[18:41:30] [Server thread/INFO]: revoLL_x was blown up by Creeper
